This is pdfTeX, Version 3.141592653-2.6-1.40.22 (TeX Live 2021) (preloaded format=pdflatex 2021.9.25)  14 JUN 2025 19:35
entering extended mode
 restricted \write18 enabled.
 %&-line parsing enabled.
**jrss_resubmission.tex
(./jrss_resubmission.tex
LaTeX2e <2020-10-01> patch level 4
L3 programming layer <2021-02-18>
(/usr/local/texlive/2021/texmf-dist/tex/latex/oup-authoring-template/oup-author
ing-template.cls
Document Class: oup-authoring-template 2020/02/18 1.0
(/usr/local/texlive/2021/texmf-dist/tex/latex/crop/crop.sty
Package: crop 2017/11/19 1.10 crop marks (mf)
(/usr/local/texlive/2021/texmf-dist/tex/generic/iftex/ifluatex.sty
Package: ifluatex 2019/10/25 v1.5 ifluatex legacy package. Use iftex instead.
(/usr/local/texlive/2021/texmf-dist/tex/generic/iftex/iftex.sty
Package: iftex 2020/03/06 v1.0d TeX engine tests
))
\stockwidth=\dimen138
\stockheight=\dimen139
\CROP@index=\count179
(/usr/local/texlive/2021/texmf-dist/tex/latex/graphics/color.sty
Package: color 2020/02/24 v1.2b Standard LaTeX Color (DPC)
(/usr/local/texlive/2021/texmf-dist/tex/latex/graphics-cfg/color.cfg
File: color.cfg 2016/01/02 v1.6 sample color configuration
)
Package color Info: Driver file: pdftex.def on input line 147.
(/usr/local/texlive/2021/texmf-dist/tex/latex/graphics-def/pdftex.def
File: pdftex.def 2020/10/05 v1.2a Graphics/color driver for pdftex
)) (/usr/local/texlive/2021/texmf-dist/tex/latex/graphics/graphics.sty
Package: graphics 2020/08/30 v1.4c Standard LaTeX Graphics (DPC,SPQR)
(/usr/local/texlive/2021/texmf-dist/tex/latex/graphics/trig.sty
Package: trig 2016/01/03 v1.10 sin cos tan (DPC)
) (/usr/local/texlive/2021/texmf-dist/tex/latex/graphics-cfg/graphics.cfg
File: graphics.cfg 2016/06/04 v1.11 sample graphics configuration
)
Package graphics Info: Driver file: pdftex.def on input line 105.
)
\CROP@offset=\count180
Package crop Info: Local config file crop.cfg used on input line 622.
(/usr/local/texlive/2021/texmf-dist/tex/xelatex/xetexconfig/crop.cfg)) (/usr/lo
cal/texlive/2021/texmf-dist/tex/latex/graphics/graphicx.sty
Package: graphicx 2020/09/09 v1.2b Enhanced LaTeX Graphics (DPC,SPQR)
(/usr/local/texlive/2021/texmf-dist/tex/latex/graphics/keyval.sty
Package: keyval 2014/10/28 v1.15 key=value parser (DPC)
\KV@toks@=\toks15
)
\Gin@req@height=\dimen140
\Gin@req@width=\dimen141
) (/usr/local/texlive/2021/texmf-dist/tex/latex/caption/caption.sty
Package: caption 2020/10/26 v3.5g Customizing captions (AR)
(/usr/local/texlive/2021/texmf-dist/tex/latex/caption/caption3.sty
Package: caption3 2020/10/21 v2.2e caption3 kernel (AR)
\captionmargin=\dimen142
\captionmargin@=\dimen143
\captionwidth=\dimen144
\caption@tempdima=\dimen145
\caption@indent=\dimen146
\caption@parindent=\dimen147
\caption@hangindent=\dimen148
\abovecaptionskip=\skip47
\belowcaptionskip=\skip48
Package caption Info: Document class w/o caption stuff detected.
)
\c@caption@flags=\count181
\c@continuedfloat=\count182
) (/usr/local/texlive/2021/texmf-dist/tex/latex/amsmath/amsmath.sty
Package: amsmath 2020/09/23 v2.17i AMS math features
\@mathmargin=\skip49
For additional information on amsmath, use the `?' option.
(/usr/local/texlive/2021/texmf-dist/tex/latex/amsmath/amstext.sty
Package: amstext 2000/06/29 v2.01 AMS text
(/usr/local/texlive/2021/texmf-dist/tex/latex/amsmath/amsgen.sty
File: amsgen.sty 1999/11/30 v2.0 generic functions
\@emptytoks=\toks16
\ex@=\dimen149
)) (/usr/local/texlive/2021/texmf-dist/tex/latex/amsmath/amsbsy.sty
Package: amsbsy 1999/11/29 v1.2d Bold Symbols
\pmbraise@=\dimen150
) (/usr/local/texlive/2021/texmf-dist/tex/latex/amsmath/amsopn.sty
Package: amsopn 2016/03/08 v2.02 operator names
)
\inf@bad=\count183
LaTeX Info: Redefining \frac on input line 234.
\uproot@=\count184
\leftroot@=\count185
LaTeX Info: Redefining \overline on input line 399.
\classnum@=\count186
\DOTSCASE@=\count187
LaTeX Info: Redefining \ldots on input line 496.
LaTeX Info: Redefining \dots on input line 499.
LaTeX Info: Redefining \cdots on input line 620.
\Mathstrutbox@=\box47
\strutbox@=\box48
\big@size=\dimen151
LaTeX Font Info:    Redeclaring font encoding OML on input line 743.
LaTeX Font Info:    Redeclaring font encoding OMS on input line 744.
\macc@depth=\count188
\c@MaxMatrixCols=\count189
\dotsspace@=\muskip16
\c@parentequation=\count190
\dspbrk@lvl=\count191
\tag@help=\toks17
\row@=\count192
\column@=\count193
\maxfields@=\count194
\andhelp@=\toks18
\eqnshift@=\dimen152
\alignsep@=\dimen153
\tagshift@=\dimen154
\tagwidth@=\dimen155
\totwidth@=\dimen156
\lineht@=\dimen157
\@envbody=\toks19
\multlinegap=\skip50
\multlinetaggap=\skip51
\mathdisplay@stack=\toks20
LaTeX Info: Redefining \[ on input line 2923.
LaTeX Info: Redefining \] on input line 2924.
) (/usr/local/texlive/2021/texmf-dist/tex/latex/tools/array.sty
Package: array 2020/10/01 v2.5c Tabular extension package (FMi)
\col@sep=\dimen158
\ar@mcellbox=\box49
\extrarowheight=\dimen159
\NC@list=\toks21
\extratabsurround=\skip52
\backup@length=\skip53
\ar@cellbox=\box50
) (/usr/local/texlive/2021/texmf-dist/tex/latex/xcolor/xcolor.sty
Package: xcolor 2016/05/11 v2.12 LaTeX color extensions (UK)
(/usr/local/texlive/2021/texmf-dist/tex/latex/graphics-cfg/color.cfg
File: color.cfg 2016/01/02 v1.6 sample color configuration
)
Package xcolor Info: Driver file: pdftex.def on input line 225.
LaTeX Info: Redefining \color on input line 709.
Package xcolor Info: Model `cmy' substituted by `cmy0' on input line 1348.
Package xcolor Info: Model `hsb' substituted by `rgb' on input line 1352.
Package xcolor Info: Model `RGB' extended on input line 1364.
Package xcolor Info: Model `HTML' substituted by `rgb' on input line 1366.
Package xcolor Info: Model `Hsb' substituted by `hsb' on input line 1367.
Package xcolor Info: Model `tHsb' substituted by `hsb' on input line 1368.
Package xcolor Info: Model `HSB' substituted by `hsb' on input line 1369.
Package xcolor Info: Model `Gray' substituted by `gray' on input line 1370.
Package xcolor Info: Model `wave' substituted by `hsb' on input line 1371.
(/usr/local/texlive/2021/texmf-dist/tex/latex/graphics/dvipsnam.def
File: dvipsnam.def 2016/06/17 v3.0m Driver-dependent file (DPC,SPQR)
) (/usr/local/texlive/2021/texmf-dist/tex/latex/xcolor/svgnam.def
File: svgnam.def 2016/05/11 v2.12 Predefined colors according to SVG 1.1 (UK)
) (/usr/local/texlive/2021/texmf-dist/tex/latex/xcolor/x11nam.def
File: x11nam.def 2016/05/11 v2.12 Predefined colors according to Unix/X11 (UK)
)) (/usr/local/texlive/2021/texmf-dist/tex/latex/amsfonts/amssymb.sty
Package: amssymb 2013/01/14 v3.01 AMS font symbols
(/usr/local/texlive/2021/texmf-dist/tex/latex/amsfonts/amsfonts.sty
Package: amsfonts 2013/01/14 v3.01 Basic AMSFonts support
\symAMSa=\mathgroup4
\symAMSb=\mathgroup5
LaTeX Font Info:    Redeclaring math symbol \hbar on input line 98.
LaTeX Font Info:    Overwriting math alphabet `\mathfrak' in version `bold'
(Font)                  U/euf/m/n --> U/euf/b/n on input line 106.
)) (/usr/local/texlive/2021/texmf-dist/tex/latex/sttools/flushend.sty
Package: flushend 2020/10/16 v3.5 Balancing columns in twocolumn mode
\flushend@@lastskip@a=\skip54
\flushend@@lastskip@b=\skip55
\flushend@@lastskip@c=\skip56
\flushend@@penalty@a=\count195
\var@@loop@iter=\count196
\flushend@@lastkern@a=\dimen160
\var@@temp@spread=\dimen161
\var@@temp@a=\dimen162
\var@@temp@loop=\dimen163
\flushend@@page@rule=\dimen164
\flushend@@varbox@a=\box51
\flushend@@varbox@c=\box52
\flushend@@tempbox@a=\box53
\flushend@@tempbox@c=\box54
\@viper=\box55
\hold@viper=\box56
\atColsBreak=\toks22
\atColsEnd=\toks23
(/usr/local/texlive/2021/texmf-dist/tex/latex/etoolbox/etoolbox.sty
Package: etoolbox 2020/10/05 v2.5k e-TeX tools for LaTeX (JAW)
\etb@tempcnta=\count197
)) (/usr/local/texlive/2021/texmf-dist/tex/latex/sttools/stfloats.sty
Package: stfloats 2017/03/27 v3.3 Improve float mechanism and baselineskip sett
ings
\@dblbotnum=\count198
\c@dblbotnumber=\count199
) (/usr/local/texlive/2021/texmf-dist/tex/latex/graphics/rotating.sty
Package: rotating 2016/08/11 v2.16d rotated objects in LaTeX
(/usr/local/texlive/2021/texmf-dist/tex/latex/base/ifthen.sty
Package: ifthen 2014/09/29 v1.1c Standard LaTeX ifthen package (DPC)
)
\c@r@tfl@t=\count266
\rotFPtop=\skip57
\rotFPbot=\skip58
\rot@float@box=\box57
\rot@mess@toks=\toks24
) (/usr/local/texlive/2021/texmf-dist/tex/latex/changepage/chngpage.sty
Package: chngpage 2009/10/20 v1.2b change page layout
\c@cp@cnt=\count267
\c@cp@tempcnt=\count268
) (/usr/local/texlive/2021/texmf-dist/tex/latex/totcount/totcount.sty
Package: totcount 2011/01/25 v1.2 package for gettingthe total value of LaTeX c
ounters
) (/usr/local/texlive/2021/texmf-dist/tex/latex/base/fix-cm.sty
Package: fix-cm 2015/01/14 v1.1t fixes to LaTeX
(/usr/local/texlive/2021/texmf-dist/tex/latex/base/ts1enc.def
File: ts1enc.def 2001/06/05 v3.0e (jk/car/fm) Standard LaTeX file
LaTeX Font Info:    Redeclaring font encoding TS1 on input line 47.
))
\croppaperwidth=\dimen165
\croppaperheight=\dimen166
\Croppdfwidth=\dimen167
\Croppdfheight=\dimen168
\Trimpdfwidth=\dimen169
\Trimpdfheight=\dimen170
\CP@toff@wd=\dimen171
\CP@toff@ht=\dimen172
\CP@boff@wd=\dimen173
\CP@boff@ht=\dimen174
\CP@crop@wd=\dimen175
\CP@crop@ht=\dimen176
\CP@bled@wd=\dimen177
\CP@bled@ht=\dimen178
\CP@trim@wd=\dimen179
\CP@trim@ht=\dimen180
\c@section=\count269
\c@subsection=\count270
\c@subsubsection=\count271
\c@paragraph=\count272
\c@subparagraph=\count273
\c@figure=\count274
\c@table=\count275
\dropfromtop=\skip59
\c@myauthcount=\count276
\c@myauthcount@totc=\count277
\c@myhistorycount=\count278
\c@myhistorycount@totc=\count279
\c@myaddcount=\count280
\c@myaddcount@totc=\count281
\extraspace=\skip60
\aboveskipchk=\skip61
\titlepagewd=\skip62
\rotdimen=\dimen181
\tempdime=\dimen182
\temptbox=\box58
(/usr/local/texlive/2021/texmf-dist/tex/latex/natbib/natbib.sty
Package: natbib 2010/09/13 8.31b (PWD, AO)
\bibhang=\skip63
\bibsep=\skip64
LaTeX Info: Redefining \cite on input line 694.
\c@NAT@ctr=\count282
) (/usr/local/texlive/2021/texmf-dist/tex/latex/wrapfig/wrapfig.sty
\wrapoverhang=\dimen183
\WF@size=\dimen184
\c@WF@wrappedlines=\count283
\WF@box=\box59
\WF@everypar=\toks25
Package: wrapfig 2003/01/31  v 3.6
)
\wraplines=\count284
\@authorfigbox=\box60
\@authorfigboxdim=\skip65
\biofigadjskip=\skip66
(/usr/local/texlive/2021/texmf-dist/tex/latex/amscls/amsthm.sty
Package: amsthm 2020/05/29 v2.20.6
\thm@style=\toks26
\thm@bodyfont=\toks27
\thm@headfont=\toks28
\thm@notefont=\toks29
\thm@headpunct=\toks30
\thm@preskip=\skip67
\thm@postskip=\skip68
\thm@headsep=\skip69
\dth@everypar=\toks31
) (/usr/local/texlive/2021/texmf-dist/tex/latex/subfloat/subfloat.sty
Package: subfloat 2003/08/21 version 2.14
Package `subfloat', Version 2.14 of 2003/08/21.

Package subfloat Warning: Numbers of floats not counted:
(subfloat)                If you use one of the counters subfloatfiguremax or
(subfloat)                subfloattablemax you will get strange error messages
(subfloat)                containing \c@subfloatfiguremax or
(subfloat)                \c@subfloattablemax:
(subfloat)                Please switch on countmax or remove the code using
(subfloat)                the counter then..

) (/usr/local/texlive/2021/texmf-dist/tex/latex/subfig/subfig.sty
Package: subfig 2005/06/28 ver: 1.3 subfig package

Package subfig Warning: Your document class has a bad definition
 of \endfigure, most likely
 \let\endfigure=\end@float
 which has now been changed to
 \def\endfigure{\end@float}
 because otherwise subsequent changes to \end@float
 (like done by several packages changing float behaviour)
 can't take effect on \endfigure.
 Please complain to your document class author.

\c@KVtest=\count285
\sf@farskip=\skip70
\sf@captopadj=\dimen185
\sf@capskip=\skip71
\sf@nearskip=\skip72
\c@subfigure=\count286
\c@subfigure@save=\count287
\c@lofdepth=\count288
\c@subtable=\count289
\c@subtable@save=\count290
\c@lotdepth=\count291
\sf@top=\skip73
\sf@bottom=\skip74
) (/usr/local/texlive/2021/texmf-dist/tex/latex/multirow/multirow.sty
Package: multirow 2021/03/15 v2.8 Span multiple rows of a table
\multirow@colwidth=\skip75
\multirow@cntb=\count292
\multirow@dima=\skip76
\bigstrutjot=\dimen186
) (/usr/local/texlive/2021/texmf-dist/tex/latex/mdwtools/footnote.sty
Package: footnote 1997/01/28 1.13 Save footnotes around boxes
\fn@notes=\box61
\fn@width=\dimen187
) (/usr/local/texlive/2021/texmf-dist/tex/latex/url/url.sty
\Urlmuskip=\muskip17
Package: url 2013/09/16  ver 3.4  Verb mode for urls, etc.
) (/usr/local/texlive/2021/texmf-dist/tex/latex/jknapltx/mathrsfs.sty
Package: mathrsfs 1996/01/01 Math RSFS package v1.0 (jk)
\symrsfs=\mathgroup6
) (/usr/local/texlive/2021/texmf-dist/tex/latex/algorithms/algorithm.sty
Package: algorithm 2009/08/24 v0.1 Document Style `algorithm' - floating enviro
nment
(/usr/local/texlive/2021/texmf-dist/tex/latex/float/float.sty
Package: float 2001/11/08 v1.3d Float enhancements (AL)
\c@float@type=\count293
\float@exts=\toks32
\float@box=\box62
\@float@everytoks=\toks33
\@floatcapt=\box63
)
\@float@every@algorithm=\toks34
\c@algorithm=\count294
) (/usr/local/texlive/2021/texmf-dist/tex/latex/algorithmicx/algorithmicx.sty
Package: algorithmicx 2005/04/27 v1.2 Algorithmicx
Document Style algorithmicx 1.2 - a greatly improved `algorithmic' style
\c@ALG@line=\count295
\c@ALG@rem=\count296
\c@ALG@nested=\count297
\ALG@tlm=\skip77
\ALG@thistlm=\skip78
\c@ALG@Lnr=\count298
\c@ALG@blocknr=\count299
\c@ALG@storecount=\count300
\c@ALG@tmpcounter=\count301
\ALG@tmplength=\skip79
) (/usr/local/texlive/2021/texmf-dist/tex/latex/algorithmicx/algpseudocode.sty
Package: algpseudocode 
Document Style - pseudocode environments for use with the `algorithmicx' style
) (/usr/local/texlive/2021/texmf-dist/tex/latex/listings/listings.sty
\lst@mode=\count302
\lst@gtempboxa=\box64
\lst@token=\toks35
\lst@length=\count303
\lst@currlwidth=\dimen188
\lst@column=\count304
\lst@pos=\count305
\lst@lostspace=\dimen189
\lst@width=\dimen190
\lst@newlines=\count306
\lst@lineno=\count307
\lst@maxwidth=\dimen191
(/usr/local/texlive/2021/texmf-dist/tex/latex/listings/lstmisc.sty
File: lstmisc.sty 2020/03/24 1.8d (Carsten Heinz)
\c@lstnumber=\count308
\lst@skipnumbers=\count309
\lst@framebox=\box65
) (/usr/local/texlive/2021/texmf-dist/tex/latex/listings/listings.cfg
File: listings.cfg 2020/03/24 1.8d listings configuration
))
Package: listings 2020/03/24 1.8d (Carsten Heinz)
(/usr/local/texlive/2021/texmf-dist/tex/latex/appendix/appendix.sty
Package: appendix 2020/02/08 v1.2c extra appendix facilities

Package appendix Warning: No \appendix command in this document class!
(appendix)                Trying to create an appendix will probably fail.

\c@@pps=\count310
\c@@ppsavesec=\count311
\c@@ppsaveapp=\count312
) (/usr/local/texlive/2021/texmf-dist/tex/latex/hyperref/hyperref.sty
Package: hyperref 2021-02-27 v7.00k Hypertext links for LaTeX
(/usr/local/texlive/2021/texmf-dist/tex/generic/ltxcmds/ltxcmds.sty
Package: ltxcmds 2020-05-10 v1.25 LaTeX kernel commands for general use (HO)
) (/usr/local/texlive/2021/texmf-dist/tex/generic/pdftexcmds/pdftexcmds.sty
Package: pdftexcmds 2020-06-27 v0.33 Utility functions of pdfTeX for LuaTeX (HO
)
(/usr/local/texlive/2021/texmf-dist/tex/generic/infwarerr/infwarerr.sty
Package: infwarerr 2019/12/03 v1.5 Providing info/warning/error messages (HO)
)
Package pdftexcmds Info: \pdf@primitive is available.
Package pdftexcmds Info: \pdf@ifprimitive is available.
Package pdftexcmds Info: \pdfdraftmode found.
) (/usr/local/texlive/2021/texmf-dist/tex/generic/kvsetkeys/kvsetkeys.sty
Package: kvsetkeys 2019/12/15 v1.18 Key value parser (HO)
) (/usr/local/texlive/2021/texmf-dist/tex/generic/kvdefinekeys/kvdefinekeys.sty
Package: kvdefinekeys 2019-12-19 v1.6 Define keys (HO)
) (/usr/local/texlive/2021/texmf-dist/tex/generic/pdfescape/pdfescape.sty
Package: pdfescape 2019/12/09 v1.15 Implements pdfTeX's escape features (HO)
) (/usr/local/texlive/2021/texmf-dist/tex/latex/hycolor/hycolor.sty
Package: hycolor 2020-01-27 v1.10 Color options for hyperref/bookmark (HO)
) (/usr/local/texlive/2021/texmf-dist/tex/latex/letltxmacro/letltxmacro.sty
Package: letltxmacro 2019/12/03 v1.6 Let assignment for LaTeX macros (HO)
) (/usr/local/texlive/2021/texmf-dist/tex/latex/auxhook/auxhook.sty
Package: auxhook 2019-12-17 v1.6 Hooks for auxiliary files (HO)
) (/usr/local/texlive/2021/texmf-dist/tex/latex/kvoptions/kvoptions.sty
Package: kvoptions 2020-10-07 v3.14 Key value format for package options (HO)
)
\@linkdim=\dimen192
\Hy@linkcounter=\count313
\Hy@pagecounter=\count314
(/usr/local/texlive/2021/texmf-dist/tex/latex/hyperref/pd1enc.def
File: pd1enc.def 2021-02-27 v7.00k Hyperref: PDFDocEncoding definition (HO)
Now handling font encoding PD1 ...
... no UTF-8 mapping file for font encoding PD1
)
(/usr/local/texlive/2021/texmf-dist/tex/latex/hyperref/hyperref-langpatches.def
File: hyperref-langpatches.def 2021-02-27 v7.00k Hyperref: patches for babel la
nguages
) (/usr/local/texlive/2021/texmf-dist/tex/generic/intcalc/intcalc.sty
Package: intcalc 2019/12/15 v1.3 Expandable calculations with integers (HO)
) (/usr/local/texlive/2021/texmf-dist/tex/generic/etexcmds/etexcmds.sty
Package: etexcmds 2019/12/15 v1.7 Avoid name clashes with e-TeX commands (HO)
)
\Hy@SavedSpaceFactor=\count315
(/usr/local/texlive/2021/texmf-dist/tex/latex/hyperref/puenc.def
File: puenc.def 2021-02-27 v7.00k Hyperref: PDF Unicode definition (HO)
Now handling font encoding PU ...
... no UTF-8 mapping file for font encoding PU
)
Package hyperref Info: Option `unicode' set `true' on input line 4073.
Package hyperref Info: Hyper figures OFF on input line 4192.
Package hyperref Info: Link nesting OFF on input line 4197.
Package hyperref Info: Hyper index ON on input line 4200.
Package hyperref Info: Plain pages OFF on input line 4207.
Package hyperref Info: Backreferencing OFF on input line 4212.
Package hyperref Info: Implicit mode ON; LaTeX internals redefined.
Package hyperref Info: Bookmarks ON on input line 4445.
\c@Hy@tempcnt=\count316
LaTeX Info: Redefining \url on input line 4804.
\XeTeXLinkMargin=\dimen193
(/usr/local/texlive/2021/texmf-dist/tex/generic/bitset/bitset.sty
Package: bitset 2019/12/09 v1.3 Handle bit-vector datatype (HO)
(/usr/local/texlive/2021/texmf-dist/tex/generic/bigintcalc/bigintcalc.sty
Package: bigintcalc 2019/12/15 v1.5 Expandable calculations on big integers (HO
)
))
\Fld@menulength=\count317
\Field@Width=\dimen194
\Fld@charsize=\dimen195
Package hyperref Info: Hyper figures OFF on input line 6075.
Package hyperref Info: Link nesting OFF on input line 6080.
Package hyperref Info: Hyper index ON on input line 6083.
Package hyperref Info: backreferencing OFF on input line 6090.
Package hyperref Info: Link coloring OFF on input line 6095.
Package hyperref Info: Link coloring with OCG OFF on input line 6100.
Package hyperref Info: PDF/A mode OFF on input line 6105.
LaTeX Info: Redefining \ref on input line 6145.
LaTeX Info: Redefining \pageref on input line 6149.
(/usr/local/texlive/2021/texmf-dist/tex/latex/base/atbegshi-ltx.sty
Package: atbegshi-ltx 2020/08/17 v1.0a Emulation of the original atbegshi packa
ge
with kernel methods
)
\Hy@abspage=\count318
\c@Item=\count319
\c@Hfootnote=\count320
)
Package hyperref Info: Driver (autodetected): hpdftex.
(/usr/local/texlive/2021/texmf-dist/tex/latex/hyperref/hpdftex.def
File: hpdftex.def 2021-02-27 v7.00k Hyperref driver for pdfTeX
(/usr/local/texlive/2021/texmf-dist/tex/latex/base/atveryend-ltx.sty
Package: atveryend-ltx 2020/08/19 v1.0a Emulation of the original atvery packag
e
with kernel methods
)
\Fld@listcount=\count321
\c@bookmark@seq@number=\count322

(/usr/local/texlive/2021/texmf-dist/tex/latex/rerunfilecheck/rerunfilecheck.sty
Package: rerunfilecheck 2019/12/05 v1.9 Rerun checks for auxiliary files (HO)

(/usr/local/texlive/2021/texmf-dist/tex/generic/uniquecounter/uniquecounter.sty
Package: uniquecounter 2019/12/15 v1.4 Provide unlimited unique counter (HO)
)
Package uniquecounter Info: New unique counter `rerunfilecheck' on input line 2
86.
)
\Hy@SectionHShift=\skip80
)) (/usr/local/texlive/2021/texmf-dist/tex/latex/upquote/upquote.sty
Package: upquote 2012/04/19 v1.3 upright-quote and grave-accent glyphs in verba
tim
)
Package hyperref Info: Option `breaklinks' set `true' on input line 33.

Package hyperref Warning: Option `bookmarks' has already been used,
(hyperref)                setting the option has no effect on input line 33.

Package hyperref Info: Option `colorlinks' set `true' on input line 33.
\c@correspcnt=\count323
\c@addrcnt=\count324
\c@theorem=\count325
\c@example=\count326
\c@remark=\count327
\c@definition=\count328
(/usr/local/texlive/2021/texmf-dist/tex/latex/booktabs/booktabs.sty
Package: booktabs 2020/01/12 v1.61803398 Publication quality tables
\heavyrulewidth=\dimen196
\lightrulewidth=\dimen197
\cmidrulewidth=\dimen198
\belowrulesep=\dimen199
\belowbottomsep=\dimen256
\aboverulesep=\dimen257
\abovetopsep=\dimen258
\cmidrulesep=\dimen259
\cmidrulekern=\dimen260
\defaultaddspace=\dimen261
\@cmidla=\count329
\@cmidlb=\count330
\@aboverulesep=\dimen262
\@belowrulesep=\dimen263
\@thisruleclass=\count331
\@lastruleclass=\count332
\@thisrulewidth=\dimen264
) (/usr/local/texlive/2021/texmf-dist/tex/latex/tools/longtable.sty
Package: longtable 2020/01/07 v4.13 Multi-page Table package (DPC)
\LTleft=\skip81
\LTright=\skip82
\LTpre=\skip83
\LTpost=\skip84
\LTchunksize=\count333
\LTcapwidth=\dimen265
\LT@head=\box66
\LT@firsthead=\box67
\LT@foot=\box68
\LT@lastfoot=\box69
\LT@cols=\count334
\LT@rows=\count335
\c@LT@tables=\count336
\c@LT@chunks=\count337
\LT@p@ftn=\toks36
) (/usr/local/texlive/2021/texmf-dist/tex/latex/colortbl/colortbl.sty
Package: colortbl 2020/01/04 v1.0e Color table columns (DPC)
\everycr=\toks37
\minrowclearance=\skip85
) (/usr/local/texlive/2021/texmf-dist/tex/latex/pdflscape/pdflscape.sty
Package: pdflscape 2019/12/05 v0.12 Display of landscape pages in PDF (HO)
(/usr/local/texlive/2021/texmf-dist/tex/latex/graphics/lscape.sty
Package: lscape 2020/05/28 v3.02 Landscape Pages (DPC)
)
Package pdflscape Info: Auto-detected driver: pdftex on input line 81.
) (/usr/local/texlive/2021/texmf-dist/tex/latex/tabu/tabu.sty
Package: tabu 2019/01/11 v2.9 - flexible LaTeX tabulars (FC+tabu-fixed)
(/usr/local/texlive/2021/texmf-dist/tex/latex/varwidth/varwidth.sty
Package: varwidth 2009/03/30 ver 0.92;  Variable-width minipages
\@vwid@box=\box70
\sift@deathcycles=\count338
\@vwid@loff=\dimen266
\@vwid@roff=\dimen267
)
\c@taburow=\count339
\tabu@nbcols=\count340
\tabu@cnt=\count341
\tabu@Xcol=\count342
\tabu@alloc=\count343
\tabu@nested=\count344
\tabu@target=\dimen268
\tabu@spreadtarget=\dimen269
\tabu@naturalX=\dimen270
\tabucolX=\dimen271
\tabu@Xsum=\dimen272
\extrarowdepth=\dimen273
\abovetabulinesep=\dimen274
\belowtabulinesep=\dimen275
\tabustrutrule=\dimen276
\tabu@thebody=\toks38
\tabu@footnotes=\toks39
\tabu@box=\box71
\tabu@arstrutbox=\box72
\tabu@hleads=\box73
\tabu@vleads=\box74
\tabu@cellskip=\skip86
)
(/usr/local/texlive/2021/texmf-dist/tex/latex/threeparttable/threeparttable.sty
Package: threeparttable 2003/06/13  v 3.0
\@tempboxb=\box75
)
(/usr/local/texlive/2021/texmf-dist/tex/latex/threeparttablex/threeparttablex.s
ty
Package: threeparttablex 2013/07/23 v0.3 by daleif
(/usr/local/texlive/2021/texmf-dist/tex/latex/environ/environ.sty
Package: environ 2014/05/04 v0.3 A new way to define environments
(/usr/local/texlive/2021/texmf-dist/tex/latex/trimspaces/trimspaces.sty
Package: trimspaces 2009/09/17 v1.1 Trim spaces around a token list
))
\TPTL@width=\skip87
) (/usr/local/texlive/2021/texmf-dist/tex/generic/ulem/ulem.sty
\UL@box=\box76
\UL@hyphenbox=\box77
\UL@skip=\skip88
\UL@hook=\toks40
\UL@height=\dimen277
\UL@pe=\count345
\UL@pixel=\dimen278
\ULC@box=\box78
Package: ulem 2019/11/18
\ULdepth=\dimen279
) (/usr/local/texlive/2021/texmf-dist/tex/latex/makecell/makecell.sty
Package: makecell 2009/08/03 V0.1e Managing of Tab Column Heads and Cells
\rotheadsize=\dimen280
\c@nlinenum=\count346
\TeXr@lab=\toks41
) (/usr/local/texlive/2021/texmf-dist/tex/latex/l3backend/l3backend-pdftex.def
File: l3backend-pdftex.def 2021-03-18 L3 backend support: PDF output (pdfTeX)
\l__color_backend_stack_int=\count347
\l__pdf_internal_box=\box79
) (./jrss_resubmission.aux)
\openout1 = `jrss_resubmission.aux'.

LaTeX Font Info:    Checking defaults for OML/cmm/m/it on input line 149.
LaTeX Font Info:    ... okay on input line 149.
LaTeX Font Info:    Checking defaults for OMS/cmsy/m/n on input line 149.
LaTeX Font Info:    ... okay on input line 149.
LaTeX Font Info:    Checking defaults for OT1/cmr/m/n on input line 149.
LaTeX Font Info:    ... okay on input line 149.
LaTeX Font Info:    Checking defaults for T1/cmr/m/n on input line 149.
LaTeX Font Info:    ... okay on input line 149.
LaTeX Font Info:    Checking defaults for TS1/cmr/m/n on input line 149.
LaTeX Font Info:    ... okay on input line 149.
LaTeX Font Info:    Checking defaults for OMX/cmex/m/n on input line 149.
LaTeX Font Info:    ... okay on input line 149.
LaTeX Font Info:    Checking defaults for U/cmr/m/n on input line 149.
LaTeX Font Info:    ... okay on input line 149.
LaTeX Font Info:    Checking defaults for PD1/pdf/m/n on input line 149.
LaTeX Font Info:    ... okay on input line 149.
LaTeX Font Info:    Checking defaults for PU/pdf/m/n on input line 149.
LaTeX Font Info:    ... okay on input line 149.
(/usr/local/texlive/2021/texmf-dist/tex/context/base/mkii/supp-pdf.mkii
[Loading MPS to PDF converter (version 2006.09.02).]
\scratchcounter=\count348
\scratchdimen=\dimen281
\scratchbox=\box80
\nofMPsegments=\count349
\nofMParguments=\count350
\everyMPshowfont=\toks42
\MPscratchCnt=\count351
\MPscratchDim=\dimen282
\MPnumerator=\count352
\makeMPintoPDFobject=\count353
\everyMPtoPDFconversion=\toks43
) (/usr/local/texlive/2021/texmf-dist/tex/latex/epstopdf-pkg/epstopdf-base.sty
Package: epstopdf-base 2020-01-24 v2.11 Base part for package epstopdf
Package epstopdf-base Info: Redefining graphics rule for `.eps' on input line 4
85.
(/usr/local/texlive/2021/texmf-dist/tex/latex/latexconfig/epstopdf-sys.cfg
File: epstopdf-sys.cfg 2010/07/13 v1.3 Configuration of (r)epstopdf for TeX Liv
e
))
Package crop Info: requested driver: `' on input line 149.
Package crop Info: detected driver: `pdftex' on input line 149.
Package crop Info: using `pdftex' graphics driver on input line 149.
Package caption Info: Begin \AtBeginDocument code.
Package caption Info: subfig package v1.3 is loaded.
Package caption Info: float package is loaded.
Package caption Info: hyperref package is loaded.
Package caption Info: listings package is loaded.
Package caption Info: longtable package is loaded.
(/usr/local/texlive/2021/texmf-dist/tex/latex/caption/ltcaption.sty
Package: ltcaption 2020/05/30 v1.4b longtable captions (AR)
)
Package caption Info: rotating package is loaded.
Package caption Info: threeparttable package is loaded.
Package caption Info: wrapfig package is loaded.
Package caption Info: End \AtBeginDocument code.
LaTeX Font Info:    Redeclaring symbol font `AMSa' on input line 149.
LaTeX Font Info:    Overwriting symbol font `AMSa' in version `normal'
(Font)                  U/msa/m/n --> U/msa/m/n on input line 149.
LaTeX Font Info:    Overwriting symbol font `AMSa' in version `bold'
(Font)                  U/msa/m/n --> U/msa/m/n on input line 149.
(/usr/local/texlive/2021/texmf-dist/tex/latex/base/textcomp.sty
Package: textcomp 2020/02/02 v2.0n Standard LaTeX package
)
\c@lstlisting=\count354
Package hyperref Info: Link coloring ON on input line 149.
(/usr/local/texlive/2021/texmf-dist/tex/latex/hyperref/nameref.sty
Package: nameref 2021-04-02 v2.47 Cross-referencing by name of section
(/usr/local/texlive/2021/texmf-dist/tex/latex/refcount/refcount.sty
Package: refcount 2019/12/15 v3.6 Data extraction from label references (HO)
)
(/usr/local/texlive/2021/texmf-dist/tex/generic/gettitlestring/gettitlestring.s
ty
Package: gettitlestring 2019/12/15 v1.6 Cleanup title references (HO)
)
\c@section@level=\count355
)
LaTeX Info: Redefining \ref on input line 149.
LaTeX Info: Redefining \pageref on input line 149.
LaTeX Info: Redefining \nameref on input line 149.
(./jrss_resubmission.out) (./jrss_resubmission.out)
\@outlinefile=\write3
\openout3 = `jrss_resubmission.out'.

\c@thisauthcorresp=\count356
\c@thisauththanks=\count357
\c@ADDR@ABC=\count358
\c@ADDR@DEF=\count359
\c@ADDR@GHI=\count360

Overfull \hbox (53.5pt too wide) in paragraph at lines 246--246
| [][][] 
 []


Overfull \hbox (53.5pt too wide) in paragraph at lines 246--246
| [][][] 
 []


Underfull \hbox (badness 10000) in paragraph at lines 246--246

 []


LaTeX Warning: No \author given.

LaTeX Font Info:    Calculating math sizes for size <13.04874> on input line 24
6.
LaTeX Font Info:    Trying to load font information for U+msa on input line 246
.
(/usr/local/texlive/2021/texmf-dist/tex/latex/amsfonts/umsa.fd
File: umsa.fd 2013/01/14 v3.01 AMS symbols A
)
LaTeX Font Info:    Trying to load font information for U+msb on input line 246
.
(/usr/local/texlive/2021/texmf-dist/tex/latex/amsfonts/umsb.fd
File: umsb.fd 2013/01/14 v3.01 AMS symbols B
)
LaTeX Font Info:    Trying to load font information for U+rsfs on input line 24
6.
(/usr/local/texlive/2021/texmf-dist/tex/latex/jknapltx/ursfs.fd
File: ursfs.fd 1998/03/24 rsfs font definition file (jk)
)

LaTeX Font Warning: Font shape `U/rsfs/m/n' in size <13.04874> not available
(Font)              size <12> substituted on input line 246.


LaTeX Font Warning: Font shape `U/rsfs/m/n' in size <6.52437> not available
(Font)              size <7> substituted on input line 246.

\c@ADDRLBL@ABC=\count361
\c@ADDRLBL@DEF=\count362
\c@ADDRLBL@GHI=\count363
LaTeX Font Info:    Calculating math sizes for size <7.52812> on input line 246
.

LaTeX Font Warning: Font shape `U/rsfs/m/n' in size <7.52812> not available
(Font)              size <8> substituted on input line 246.


LaTeX Font Warning: Font shape `U/rsfs/m/n' in size <3.76405> not available
(Font)              size <5> substituted on input line 246.

LaTeX Font Info:    Calculating math sizes for size <6.52437> on input line 246
.

LaTeX Font Warning: Font shape `U/rsfs/m/n' in size <4.56703> not available
(Font)              size <5> substituted on input line 246.


LaTeX Font Warning: Font shape `U/rsfs/m/n' in size <3.26218> not available
(Font)              size <5> substituted on input line 246.


Overfull \hbox (53.5pt too wide) in paragraph at lines 246--246
[][][] 
 []


Overfull \hbox (53.5pt too wide) in paragraph at lines 246--246
[][][]
 []


Underfull \hbox (badness 10000) in paragraph at lines 246--246

 []

[1
Non-PDF special ignored!
<special> ps: [{ThisPage} << /CropBox [0 0 595.26013 782.33696] >> /PUT pdf...



{/usr/local/texlive/2021/texmf-var/fonts/map/pdftex/updmap/pdftex.map}]
Overfull \vbox (1.0pt too high) has occurred while \output is active []

[2
Non-PDF special ignored!
<special> ps: [{ThisPage} << /CropBox [0 0 595.26013 782.33696] >> /PUT pdf...
]
<jrss_resubmission_files/figure-latex/figvoteshare-1.pdf, id=196, 850.17625pt x
 278.03876pt>
File: jrss_resubmission_files/figure-latex/figvoteshare-1.pdf Graphic file (typ
e pdf)
<use jrss_resubmission_files/figure-latex/figvoteshare-1.pdf>
Package pdftex.def Info: jrss_resubmission_files/figure-latex/figvoteshare-1.pd
f  used on input line 491.
(pdftex.def)             Requested size: 488.5pt x 159.76073pt.
<jrss_resubmission_files/figure-latex/figsocec-1.pdf, id=200, 818.05624pt x 284
.06125pt>
File: jrss_resubmission_files/figure-latex/figsocec-1.pdf Graphic file (type pd
f)
<use jrss_resubmission_files/figure-latex/figsocec-1.pdf>
Package pdftex.def Info: jrss_resubmission_files/figure-latex/figsocec-1.pdf  u
sed on input line 519.
(pdftex.def)             Requested size: 488.5pt x 169.6275pt.

Overfull \vbox (1.0pt too high) has occurred while \output is active []

[3
Non-PDF special ignored!
<special> ps: [{ThisPage} << /CropBox [0 0 595.26013 782.33696] >> /PUT pdf...
]
<jrss_resubmission_files/figure-latex/figplacement-1.pdf, id=221, 823.075pt x 2
85.065pt>
File: jrss_resubmission_files/figure-latex/figplacement-1.pdf Graphic file (typ
e pdf)
<use jrss_resubmission_files/figure-latex/figplacement-1.pdf>
Package pdftex.def Info: jrss_resubmission_files/figure-latex/figplacement-1.pd
f  used on input line 541.
(pdftex.def)             Requested size: 488.5pt x 169.18733pt.
<jrss_resubmission_files/figure-latex/figregionstree-1.pdf, id=229, 843.15pt x 
641.39626pt>
File: jrss_resubmission_files/figure-latex/figregionstree-1.pdf Graphic file (t
ype pdf)
<use jrss_resubmission_files/figure-latex/figregionstree-1.pdf>
Package pdftex.def Info: jrss_resubmission_files/figure-latex/figregionstree-1.
pdf  used on input line 583.
(pdftex.def)             Requested size: 439.64702pt x 334.44794pt.

Overfull \vbox (1.0pt too high) has occurred while \output is active []

[4
Non-PDF special ignored!
<special> ps: [{ThisPage} << /CropBox [0 0 595.26013 782.33696] >> /PUT pdf...
 <./jrss_resubmission_files/figure-latex/figvoteshare-1.pdf> <./jrss_resubmissi
on_files/figure-latex/figsocec-1.pdf>]
<jrss_resubmission_files/figure-latex/figspatial-1.pdf, id=263, 468.75125pt x 2
82.05376pt>
File: jrss_resubmission_files/figure-latex/figspatial-1.pdf Graphic file (type 
pdf)
<use jrss_resubmission_files/figure-latex/figspatial-1.pdf>
Package pdftex.def Info: jrss_resubmission_files/figure-latex/figspatial-1.pdf 
 used on input line 592.
(pdftex.def)             Requested size: 488.5pt x 293.9358pt.

Overfull \vbox (1.0pt too high) has occurred while \output is active []

[5
Non-PDF special ignored!
<special> ps: [{ThisPage} << /CropBox [0 0 595.26013 782.33696] >> /PUT pdf...
 <./jrss_resubmission_files/figure-latex/figplacement-1.pdf> <./jrss_resubmissi
on_files/figure-latex/figregionstree-1.pdf>]
<jrss_resubmission_files/figure-latex/fignonspatial-1.pdf, id=294, 842.14626pt 
x 284.06125pt>
File: jrss_resubmission_files/figure-latex/fignonspatial-1.pdf Graphic file (ty
pe pdf)
<use jrss_resubmission_files/figure-latex/fignonspatial-1.pdf>
Package pdftex.def Info: jrss_resubmission_files/figure-latex/fignonspatial-1.p
df  used on input line 677.
(pdftex.def)             Requested size: 488.5pt x 164.7773pt.

Overfull \vbox (1.0pt too high) has occurred while \output is active []

[6
Non-PDF special ignored!
<special> ps: [{ThisPage} << /CropBox [0 0 595.26013 782.33696] >> /PUT pdf...
 <./jrss_resubmission_files/figure-latex/figspatial-1.pdf>]
Underfull \vbox (badness 10000) has occurred while \output is active []


Overfull \vbox (1.0pt too high) has occurred while \output is active []

[7
Non-PDF special ignored!
<special> ps: [{ThisPage} << /CropBox [0 0 595.26013 782.33696] >> /PUT pdf...
 <./jrss_resubmission_files/figure-latex/fignonspatial-1.pdf>]
<jrss_resubmission_files/figure-latex/pseudoregions-1.pdf, id=345, 244.915pt x 
264.99pt>
File: jrss_resubmission_files/figure-latex/pseudoregions-1.pdf Graphic file (ty
pe pdf)
<use jrss_resubmission_files/figure-latex/pseudoregions-1.pdf>
Package pdftex.def Info: jrss_resubmission_files/figure-latex/pseudoregions-1.p
df  used on input line 887.
(pdftex.def)             Requested size: 122.125pt x 132.1348pt.

Overfull \vbox (1.0pt too high) has occurred while \output is active []

[8
Non-PDF special ignored!
<special> ps: [{ThisPage} << /CropBox [0 0 595.26013 782.33696] >> /PUT pdf...
]
<jrss_resubmission_files/figure-latex/narrowsds-1.pdf, id=357, 696.6025pt x 621
.32124pt>
File: jrss_resubmission_files/figure-latex/narrowsds-1.pdf Graphic file (type p
df)
<use jrss_resubmission_files/figure-latex/narrowsds-1.pdf>
Package pdftex.def Info: jrss_resubmission_files/figure-latex/narrowsds-1.pdf  
used on input line 930.
(pdftex.def)             Requested size: 390.80148pt x 348.56325pt.

Overfull \vbox (1.0pt too high) has occurred while \output is active []

[9
Non-PDF special ignored!
<special> ps: [{ThisPage} << /CropBox [0 0 595.26013 782.33696] >> /PUT pdf...
 <./jrss_resubmission_files/figure-latex/pseudoregions-1.pdf>]
<jrss_resubmission_files/figure-latex/widesds-1.pdf, id=379, 696.6025pt x 411.5
375pt>
File: jrss_resubmission_files/figure-latex/widesds-1.pdf Graphic file (type pdf
)
<use jrss_resubmission_files/figure-latex/widesds-1.pdf>
Package pdftex.def Info: jrss_resubmission_files/figure-latex/widesds-1.pdf  us
ed on input line 939.
(pdftex.def)             Requested size: 390.80148pt x 230.87387pt.

Overfull \vbox (1.0pt too high) has occurred while \output is active []

[10
Non-PDF special ignored!
<special> ps: [{ThisPage} << /CropBox [0 0 595.26013 782.33696] >> /PUT pdf...
 <./jrss_resubmission_files/figure-latex/narrowsds-1.pdf>]
<jrss_resubmission_files/figure-latex/figsocecposts-1.pdf, id=404, 569.12625pt 
x 167.62625pt>
File: jrss_resubmission_files/figure-latex/figsocecposts-1.pdf Graphic file (ty
pe pdf)
<use jrss_resubmission_files/figure-latex/figsocecposts-1.pdf>
Package pdftex.def Info: jrss_resubmission_files/figure-latex/figsocecposts-1.p
df  used on input line 1076.
(pdftex.def)             Requested size: 415.22798pt x 122.30475pt.

Overfull \vbox (1.0pt too high) has occurred while \output is active []

[11
Non-PDF special ignored!
<special> ps: [{ThisPage} << /CropBox [0 0 595.26013 782.33696] >> /PUT pdf...
 <./jrss_resubmission_files/figure-latex/widesds-1.pdf> <./jrss_resubmission_fi
les/figure-latex/figsocecposts-1.pdf>]
Overfull \vbox (1.0pt too high) has occurred while \output is active []

[12
Non-PDF special ignored!
<special> ps: [{ThisPage} << /CropBox [0 0 595.26013 782.33696] >> /PUT pdf...
]
<jrss_resubmission_files/figure-latex/figspatialposts-1.pdf, id=432, 857.2025pt
 x 856.19875pt>
File: jrss_resubmission_files/figure-latex/figspatialposts-1.pdf Graphic file (
type pdf)
<use jrss_resubmission_files/figure-latex/figspatialposts-1.pdf>
Package pdftex.def Info: jrss_resubmission_files/figure-latex/figspatialposts-1
.pdf  used on input line 1143.
(pdftex.def)             Requested size: 488.5pt x 487.93384pt.

Underfull \vbox (badness 10000) has occurred while \output is active []


Overfull \vbox (1.0pt too high) has occurred while \output is active []

[13
Non-PDF special ignored!
<special> ps: [{ThisPage} << /CropBox [0 0 595.26013 782.33696] >> /PUT pdf...
 <./jrss_resubmission_files/figure-latex/figspatialposts-1.pdf>]
<jrss_resubmission_files/figure-latex/figexceedances-1.pdf, id=458, 850.17625pt
 x 356.33125pt>
File: jrss_resubmission_files/figure-latex/figexceedances-1.pdf Graphic file (t
ype pdf)
<use jrss_resubmission_files/figure-latex/figexceedances-1.pdf>
Package pdftex.def Info: jrss_resubmission_files/figure-latex/figexceedances-1.
pdf  used on input line 1166.
(pdftex.def)             Requested size: 488.5pt x 204.7475pt.

Overfull \vbox (1.0pt too high) has occurred while \output is active []

[14
Non-PDF special ignored!
<special> ps: [{ThisPage} << /CropBox [0 0 595.26013 782.33696] >> /PUT pdf...
 <./jrss_resubmission_files/figure-latex/figexceedances-1.pdf>] (./jrss_resubmi
ssion.bbl
Overfull \vbox (1.0pt too high) has occurred while \output is active []

[15
Non-PDF special ignored!
<special> ps: [{ThisPage} << /CropBox [0 0 595.26013 782.33696] >> /PUT pdf...
])
Overfull \vbox (1.0pt too high) has occurred while \output is active []

[16
Non-PDF special ignored!
<special> ps: [{ThisPage} << /CropBox [0 0 595.26013 782.33696] >> /PUT pdf...
] (./jrss_resubmission.aux)

LaTeX Font Warning: Size substitutions with differences
(Font)              up to 1.73782pt have occurred.

Package rerunfilecheck Info: File `jrss_resubmission.out' has not changed.
(rerunfilecheck)             Checksum: F2739FDEA7BC20130130477E307E7CB7;2782.
 ) 
Here is how much of TeX's memory you used:
 16477 strings out of 478994
 249535 string characters out of 5858184
 650283 words of memory out of 5000000
 33518 multiletter control sequences out of 15000+600000
 431089 words of font info for 132 fonts, out of 8000000 for 9000
 1145 hyphenation exceptions out of 8191
 86i,18n,88p,17360b,452s stack positions out of 5000i,500n,10000p,200000b,80000s
{/usr/local/texlive/2021/texmf-dist/fonts/enc/dvips/cm-super/cm-super-ts1.enc
}</usr/local/texlive/2021/texmf-dist/fonts/type1/public/amsfonts/cm/cmb10.pfb><
/usr/local/texlive/2021/texmf-dist/fonts/type1/public/amsfonts/cm/cmbx12.pfb></
usr/local/texlive/2021/texmf-dist/fonts/type1/public/amsfonts/cm/cmbx6.pfb></us
r/local/texlive/2021/texmf-dist/fonts/type1/public/amsfonts/cm/cmbx7.pfb></usr/
local/texlive/2021/texmf-dist/fonts/type1/public/amsfonts/cm/cmbx8.pfb></usr/lo
cal/texlive/2021/texmf-dist/fonts/type1/public/amsfonts/cmextra/cmex8.pfb></usr
/local/texlive/2021/texmf-dist/fonts/type1/public/amsfonts/cm/cmmi5.pfb></usr/l
ocal/texlive/2021/texmf-dist/fonts/type1/public/amsfonts/cm/cmmi7.pfb></usr/loc
al/texlive/2021/texmf-dist/fonts/type1/public/amsfonts/cmextra/cmmib7.pfb></usr
/local/texlive/2021/texmf-dist/fonts/type1/public/amsfonts/cm/cmr12.pfb></usr/l
ocal/texlive/2021/texmf-dist/fonts/type1/public/amsfonts/cm/cmr5.pfb></usr/loca
l/texlive/2021/texmf-dist/fonts/type1/public/amsfonts/cm/cmr6.pfb></usr/local/t
exlive/2021/texmf-dist/fonts/type1/public/amsfonts/cm/cmr7.pfb></usr/local/texl
ive/2021/texmf-dist/fonts/type1/public/amsfonts/cm/cmr8.pfb></usr/local/texlive
/2021/texmf-dist/fonts/type1/public/amsfonts/cm/cmr9.pfb></usr/local/texlive/20
21/texmf-dist/fonts/type1/public/amsfonts/cm/cmsy5.pfb></usr/local/texlive/2021
/texmf-dist/fonts/type1/public/amsfonts/cm/cmsy7.pfb></usr/local/texlive/2021/t
exmf-dist/fonts/type1/public/amsfonts/cm/cmti7.pfb></usr/local/texlive/2021/tex
mf-dist/fonts/type1/public/amsfonts/cm/cmti8.pfb></usr/local/texlive/2021/texmf
-dist/fonts/type1/public/amsfonts/cm/cmtt8.pfb></usr/local/texlive/2021/texmf-d
ist/fonts/type1/public/cm-super/sfrm0500.pfb></usr/local/texlive/2021/texmf-dis
t/fonts/type1/public/cm-super/sfrm0600.pfb></usr/local/texlive/2021/texmf-dist/
fonts/type1/public/cm-super/sfrm0900.pfb>
Output written on jrss_resubmission.pdf (16 pages, 3268797 bytes).
PDF statistics:
 625 PDF objects out of 1000 (max. 8388607)
 527 compressed objects within 6 object streams
 107 named destinations out of 1000 (max. 500000)
 221 words of extra memory for PDF output out of 10000 (max. 10000000)

